tesstwo/build/outputs/logs/manifest-merger-debug-report.txt
-- Merging decision tree log ---
manifest
ADDED from src/main/AndroidManifest.xml:17:1-26:12
INJECTED from src/main/AndroidManifest.xml:17:1-26:12
INJECTED from src/main/AndroidManifest.xml:17:1-26:12
INJECTED from src/main/AndroidManifest.xml:17:1-26:12
INJECTED from src/main/AndroidManifest.xml:17:1-26:12
INJECTED from src/main/AndroidManifest.xml:17:1-26:12
INJECTED from src/main/AndroidManifest.xml:17:1-26:12
	package
		ADDED from src/main/AndroidManifest.xml:18:5-47
		INJECTED from src/main/AndroidManifest.xml
		INJECTED from src/main/AndroidManifest.xml
	android:versionName
		ADDED from src/main/AndroidManifest.xml:20:5-30
		INJECTED from src/main/AndroidManifest.xml
		INJECTED from src/main/AndroidManifest.xml
	xmlns:android
		ADDED from src/main/AndroidManifest.xml:17:11-69
	android:versionCode
		ADDED from src/main/AndroidManifest.xml:19:5-28
		INJECTED from src/main/AndroidManifest.xml
		INJECTED from src/main/AndroidManifest.xml
uses-sdk
ADDED from src/main/AndroidManifest.xml:22:5-24:41
INJECTED from src/main/AndroidManifest.xml:22:5-24:41
INJECTED from src/main/AndroidManifest.xml:22:5-24:41
INJECTED from src/main/AndroidManifest.xml:22:5-24:41
INJECTED from src/main/AndroidManifest.xml:22:5-24:41
	android:targetSdkVersion
		ADDED from src/main/AndroidManifest.xml:24:9-38
		INJECTED from src/main/AndroidManifest.xml
		INJECTED from src/main/AndroidManifest.xml
	android:minSdkVersion
		ADDED from src/main/AndroidManifest.xml:23:9-34
		INJECTED from src/main/AndroidManifest.xml
		INJECTED from src/main/AndroidManifest.xml